  Determining projects to restore...
  All projects are up-to-date for restore.
/Users/bmetzger/code/TokuTactics/.worktrees/review-bco/Scripts/Bricks/Combat/ApplyTypeMatchup.cs(52,45): error CS1503: Argument 1: cannot convert from 'TokuTactics.Core.Types.ElementalType' to 'TokuTactics.Core.Types.DualType' [/Users/bmetzger/code/TokuTactics/.worktrees/review-bco/TestRunner.csproj]
/Users/bmetzger/code/TokuTactics/.worktrees/review-bco/Tests/Bricks/Combat/ApplyTypeMatchupTests.cs(44,43): error CS1501: No overload for method 'Execute' takes 9 arguments [/Users/bmetzger/code/TokuTactics/.worktrees/review-bco/TestRunner.csproj]
/Users/bmetzger/code/TokuTactics/.worktrees/review-bco/Tests/Bricks/Combat/ApplyTypeMatchupTests.cs(50,58): error CS1061: 'ApplyTypeMatchup.Result' does not contain a definition for 'Result' and no accessible extension method 'Result' accepting a first argument of type 'ApplyTypeMatchup.Result' could be found (are you missing a using directive or an assembly reference?) [/Users/bmetzger/code/TokuTactics/.worktrees/review-bco/TestRunner.csproj]
/Users/bmetzger/code/TokuTactics/.worktrees/review-bco/Tests/Bricks/Combat/ApplyTypeMatchupTests.cs(65,43): error CS1501: No overload for method 'Execute' takes 9 arguments [/Users/bmetzger/code/TokuTactics/.worktrees/review-bco/TestRunner.csproj]
/Users/bmetzger/code/TokuTactics/.worktrees/review-bco/Tests/Bricks/Combat/ApplyTypeMatchupTests.cs(71,56): error CS1061: 'ApplyTypeMatchup.Result' does not contain a definition for 'Result' and no accessible extension method 'Result' accepting a first argument of type 'ApplyTypeMatchup.Result' could be found (are you missing a using directive or an assembly reference?) [/Users/bmetzger/code/TokuTactics/.worktrees/review-bco/TestRunner.csproj]
/Users/bmetzger/code/TokuTactics/.worktrees/review-bco/Tests/Bricks/Combat/ApplyTypeMatchupTests.cs(85,43): error CS1501: No overload for method 'Execute' takes 9 arguments [/Users/bmetzger/code/TokuTactics/.worktrees/review-bco/TestRunner.csproj]
/Users/bmetzger/code/TokuTactics/.worktrees/review-bco/Tests/Bricks/Combat/ApplyTypeMatchupTests.cs(91,59): error CS1061: 'ApplyTypeMatchup.Result' does not contain a definition for 'Result' and no accessible extension method 'Result' accepting a first argument of type 'ApplyTypeMatchup.Result' could be found (are you missing a using directive or an assembly reference?) [/Users/bmetzger/code/TokuTactics/.worktrees/review-bco/TestRunner.csproj]
/Users/bmetzger/code/TokuTactics/.worktrees/review-bco/Tests/Bricks/Combat/ApplyTypeMatchupTests.cs(106,43): error CS1501: No overload for method 'Execute' takes 9 arguments [/Users/bmetzger/code/TokuTactics/.worktrees/review-bco/TestRunner.csproj]
/Users/bmetzger/code/TokuTactics/.worktrees/review-bco/Tests/Bricks/Combat/ApplyTypeMatchupTests.cs(112,59): error CS1061: 'ApplyTypeMatchup.Result' does not contain a definition for 'Result' and no accessible extension method 'Result' accepting a first argument of type 'ApplyTypeMatchup.Result' could be found (are you missing a using directive or an assembly reference?) [/Users/bmetzger/code/TokuTactics/.worktrees/review-bco/TestRunner.csproj]
/Users/bmetzger/code/TokuTactics/.worktrees/review-bco/Tests/Bricks/Combat/ApplyTypeMatchupTests.cs(127,43): error CS1501: No overload for method 'Execute' takes 9 arguments [/Users/bmetzger/code/TokuTactics/.worktrees/review-bco/TestRunner.csproj]
/Users/bmetzger/code/TokuTactics/.worktrees/review-bco/Tests/Bricks/Combat/ApplyTypeMatchupTests.cs(133,64): error CS1061: 'ApplyTypeMatchup.Result' does not contain a definition for 'Result' and no accessible extension method 'Result' accepting a first argument of type 'ApplyTypeMatchup.Result' could be found (are you missing a using directive or an assembly reference?) [/Users/bmetzger/code/TokuTactics/.worktrees/review-bco/TestRunner.csproj]
/Users/bmetzger/code/TokuTactics/.worktrees/review-bco/Tests/Bricks/Combat/ApplyTypeMatchupTests.cs(149,43): error CS1501: No overload for method 'Execute' takes 9 arguments [/Users/bmetzger/code/TokuTactics/.worktrees/review-bco/TestRunner.csproj]
/Users/bmetzger/code/TokuTactics/.worktrees/review-bco/Tests/Bricks/Combat/ApplyTypeMatchupTests.cs(155,62): error CS1061: 'ApplyTypeMatchup.Result' does not contain a definition for 'Result' and no accessible extension method 'Result' accepting a first argument of type 'ApplyTypeMatchup.Result' could be found (are you missing a using directive or an assembly reference?) [/Users/bmetzger/code/TokuTactics/.worktrees/review-bco/TestRunner.csproj]
/Users/bmetzger/code/TokuTactics/.worktrees/review-bco/Tests/Commands/Combat/ResolveDamageRollTests.cs(33,44): error CS1501: No overload for method 'Execute' takes 10 arguments [/Users/bmetzger/code/TokuTactics/.worktrees/review-bco/TestRunner.csproj]
/Users/bmetzger/code/TokuTactics/.worktrees/review-bco/Tests/Commands/Combat/ResolveDamageRollTests.cs(40,13): error CS0103: The name 'Assert' does not exist in the current context [/Users/bmetzger/code/TokuTactics/.worktrees/review-bco/TestRunner.csproj]
/Users/bmetzger/code/TokuTactics/.worktrees/review-bco/Tests/Commands/Combat/ResolveDamageRollTests.cs(41,13): error CS0103: The name 'Assert' does not exist in the current context [/Users/bmetzger/code/TokuTactics/.worktrees/review-bco/TestRunner.csproj]
/Users/bmetzger/code/TokuTactics/.worktrees/review-bco/Tests/Commands/Combat/ResolveDamageRollTests.cs(42,13): error CS0103: The name 'Assert' does not exist in the current context [/Users/bmetzger/code/TokuTactics/.worktrees/review-bco/TestRunner.csproj]
/Users/bmetzger/code/TokuTactics/.worktrees/review-bco/Tests/Commands/Combat/ResolveDamageRollTests.cs(43,13): error CS0103: The name 'Assert' does not exist in the current context [/Users/bmetzger/code/TokuTactics/.worktrees/review-bco/TestRunner.csproj]
/Users/bmetzger/code/TokuTactics/.worktrees/review-bco/Tests/Commands/Combat/ResolveDamageRollTests.cs(44,13): error CS0103: The name 'Assert' does not exist in the current context [/Users/bmetzger/code/TokuTactics/.worktrees/review-bco/TestRunner.csproj]
/Users/bmetzger/code/TokuTactics/.worktrees/review-bco/Tests/Commands/Combat/ResolveDamageRollTests.cs(45,13): error CS0103: The name 'Assert' does not exist in the current context [/Users/bmetzger/code/TokuTactics/.worktrees/review-bco/TestRunner.csproj]
/Users/bmetzger/code/TokuTactics/.worktrees/review-bco/Tests/Commands/Combat/ResolveDamageRollTests.cs(68,44): error CS1501: No overload for method 'Execute' takes 10 arguments [/Users/bmetzger/code/TokuTactics/.worktrees/review-bco/TestRunner.csproj]
/Users/bmetzger/code/TokuTactics/.worktrees/review-bco/Tests/Commands/Combat/ResolveDamageRollTests.cs(76,13): error CS0103: The name 'Assert' does not exist in the current context [/Users/bmetzger/code/TokuTactics/.worktrees/review-bco/TestRunner.csproj]
/Users/bmetzger/code/TokuTactics/.worktrees/review-bco/Tests/Commands/Combat/ResolveDamageRollTests.cs(77,13): error CS0103: The name 'Assert' does not exist in the current context [/Users/bmetzger/code/TokuTactics/.worktrees/review-bco/TestRunner.csproj]
/Users/bmetzger/code/TokuTactics/.worktrees/review-bco/Tests/Commands/Combat/ResolveDamageRollTests.cs(78,13): error CS0103: The name 'Assert' does not exist in the current context [/Users/bmetzger/code/TokuTactics/.worktrees/review-bco/TestRunner.csproj]
/Users/bmetzger/code/TokuTactics/.worktrees/review-bco/Tests/Commands/Combat/ResolveDamageRollTests.cs(79,13): error CS0103: The name 'Assert' does not exist in the current context [/Users/bmetzger/code/TokuTactics/.worktrees/review-bco/TestRunner.csproj]
/Users/bmetzger/code/TokuTactics/.worktrees/review-bco/Tests/Commands/Combat/ResolveDamageRollTests.cs(80,13): error CS0103: The name 'Assert' does not exist in the current context [/Users/bmetzger/code/TokuTactics/.worktrees/review-bco/TestRunner.csproj]
/Users/bmetzger/code/TokuTactics/.worktrees/review-bco/Tests/Commands/Combat/ResolveDamageRollTests.cs(81,13): error CS0103: The name 'Assert' does not exist in the current context [/Users/bmetzger/code/TokuTactics/.worktrees/review-bco/TestRunner.csproj]
/Users/bmetzger/code/TokuTactics/.worktrees/review-bco/Tests/Commands/Combat/ResolveDamageRollTests.cs(84,13): error CS0103: The name 'Assert' does not exist in the current context [/Users/bmetzger/code/TokuTactics/.worktrees/review-bco/TestRunner.csproj]
/Users/bmetzger/code/TokuTactics/.worktrees/review-bco/Tests/Commands/Combat/ResolveDamageRollTests.cs(85,13): error CS0103: The name 'Assert' does not exist in the current context [/Users/bmetzger/code/TokuTactics/.worktrees/review-bco/TestRunner.csproj]
/Users/bmetzger/code/TokuTactics/.worktrees/review-bco/Tests/Commands/Combat/ResolveDamageRollTests.cs(108,44): error CS1501: No overload for method 'Execute' takes 10 arguments [/Users/bmetzger/code/TokuTactics/.worktrees/review-bco/TestRunner.csproj]
/Users/bmetzger/code/TokuTactics/.worktrees/review-bco/Tests/Commands/Combat/ResolveDamageRollTests.cs(115,13): error CS0103: The name 'Assert' does not exist in the current context [/Users/bmetzger/code/TokuTactics/.worktrees/review-bco/TestRunner.csproj]
/Users/bmetzger/code/TokuTactics/.worktrees/review-bco/Tests/Commands/Combat/ResolveDamageRollTests.cs(117,13): error CS0103: The name 'Assert' does not exist in the current context [/Users/bmetzger/code/TokuTactics/.worktrees/review-bco/TestRunner.csproj]
/Users/bmetzger/code/TokuTactics/.worktrees/review-bco/Tests/Commands/Combat/ResolveDamageRollTests.cs(139,44): error CS1501: No overload for method 'Execute' takes 10 arguments [/Users/bmetzger/code/TokuTactics/.worktrees/review-bco/TestRunner.csproj]
/Users/bmetzger/code/TokuTactics/.worktrees/review-bco/Tests/Commands/Combat/ResolveDamageRollTests.cs(146,13): error CS0103: The name 'Assert' does not exist in the current context [/Users/bmetzger/code/TokuTactics/.worktrees/review-bco/TestRunner.csproj]
/Users/bmetzger/code/TokuTactics/.worktrees/review-bco/Tests/Commands/Combat/ResolveDamageRollTests.cs(148,13): error CS0103: The name 'Assert' does not exist in the current context [/Users/bmetzger/code/TokuTactics/.worktrees/review-bco/TestRunner.csproj]
/Users/bmetzger/code/TokuTactics/.worktrees/review-bco/Tests/Commands/Combat/ResolveDamageRollTests.cs(174,44): error CS1501: No overload for method 'Execute' takes 10 arguments [/Users/bmetzger/code/TokuTactics/.worktrees/review-bco/TestRunner.csproj]
/Users/bmetzger/code/TokuTactics/.worktrees/review-bco/Tests/Commands/Combat/ResolveDamageRollTests.cs(182,13): error CS0103: The name 'Assert' does not exist in the current context [/Users/bmetzger/code/TokuTactics/.worktrees/review-bco/TestRunner.csproj]
/Users/bmetzger/code/TokuTactics/.worktrees/review-bco/Tests/Commands/Combat/ResolveDamageRollTests.cs(183,13): error CS0103: The name 'Assert' does not exist in the current context [/Users/bmetzger/code/TokuTactics/.worktrees/review-bco/TestRunner.csproj]
/Users/bmetzger/code/TokuTactics/.worktrees/review-bco/Tests/Commands/Combat/ResolveDamageRollTests.cs(184,13): error CS0103: The name 'Assert' does not exist in the current context [/Users/bmetzger/code/TokuTactics/.worktrees/review-bco/TestRunner.csproj]
/Users/bmetzger/code/TokuTactics/.worktrees/review-bco/Tests/Commands/Combat/ResolveDamageRollTests.cs(187,13): error CS0103: The name 'Assert' does not exist in the current context [/Users/bmetzger/code/TokuTactics/.worktrees/review-bco/TestRunner.csproj]
/Users/bmetzger/code/TokuTactics/.worktrees/review-bco/Tests/Commands/Combat/ResolveDamageRollTests.cs(190,13): error CS0103: The name 'Assert' does not exist in the current context [/Users/bmetzger/code/TokuTactics/.worktrees/review-bco/TestRunner.csproj]
/Users/bmetzger/code/TokuTactics/.worktrees/review-bco/Tests/Commands/Combat/ResolveDamageRollTests.cs(190,34): error CS1061: 'DamageResult' does not contain a definition for 'WasCrit' and no accessible extension method 'WasCrit' accepting a first argument of type 'DamageResult' could be found (are you missing a using directive or an assembly reference?) [/Users/bmetzger/code/TokuTactics/.worktrees/review-bco/TestRunner.csproj]

Build FAILED.

/Users/bmetzger/code/TokuTactics/.worktrees/review-bco/Scripts/Bricks/Combat/ApplyTypeMatchup.cs(52,45): error CS1503: Argument 1: cannot convert from 'TokuTactics.Core.Types.ElementalType' to 'TokuTactics.Core.Types.DualType' [/Users/bmetzger/code/TokuTactics/.worktrees/review-bco/TestRunner.csproj]
/Users/bmetzger/code/TokuTactics/.worktrees/review-bco/Tests/Bricks/Combat/ApplyTypeMatchupTests.cs(44,43): error CS1501: No overload for method 'Execute' takes 9 arguments [/Users/bmetzger/code/TokuTactics/.worktrees/review-bco/TestRunner.csproj]
/Users/bmetzger/code/TokuTactics/.worktrees/review-bco/Tests/Bricks/Combat/ApplyTypeMatchupTests.cs(50,58): error CS1061: 'ApplyTypeMatchup.Result' does not contain a definition for 'Result' and no accessible extension method 'Result' accepting a first argument of type 'ApplyTypeMatchup.Result' could be found (are you missing a using directive or an assembly reference?) [/Users/bmetzger/code/TokuTactics/.worktrees/review-bco/TestRunner.csproj]
/Users/bmetzger/code/TokuTactics/.worktrees/review-bco/Tests/Bricks/Combat/ApplyTypeMatchupTests.cs(65,43): error CS1501: No overload for method 'Execute' takes 9 arguments [/Users/bmetzger/code/TokuTactics/.worktrees/review-bco/TestRunner.csproj]
/Users/bmetzger/code/TokuTactics/.worktrees/review-bco/Tests/Bricks/Combat/ApplyTypeMatchupTests.cs(71,56): error CS1061: 'ApplyTypeMatchup.Result' does not contain a definition for 'Result' and no accessible extension method 'Result' accepting a first argument of type 'ApplyTypeMatchup.Result' could be found (are you missing a using directive or an assembly reference?) [/Users/bmetzger/code/TokuTactics/.worktrees/review-bco/TestRunner.csproj]
/Users/bmetzger/code/TokuTactics/.worktrees/review-bco/Tests/Bricks/Combat/ApplyTypeMatchupTests.cs(85,43): error CS1501: No overload for method 'Execute' takes 9 arguments [/Users/bmetzger/code/TokuTactics/.worktrees/review-bco/TestRunner.csproj]
/Users/bmetzger/code/TokuTactics/.worktrees/review-bco/Tests/Bricks/Combat/ApplyTypeMatchupTests.cs(91,59): error CS1061: 'ApplyTypeMatchup.Result' does not contain a definition for 'Result' and no accessible extension method 'Result' accepting a first argument of type 'ApplyTypeMatchup.Result' could be found (are you missing a using directive or an assembly reference?) [/Users/bmetzger/code/TokuTactics/.worktrees/review-bco/TestRunner.csproj]
/Users/bmetzger/code/TokuTactics/.worktrees/review-bco/Tests/Bricks/Combat/ApplyTypeMatchupTests.cs(106,43): error CS1501: No overload for method 'Execute' takes 9 arguments [/Users/bmetzger/code/TokuTactics/.worktrees/review-bco/TestRunner.csproj]
/Users/bmetzger/code/TokuTactics/.worktrees/review-bco/Tests/Bricks/Combat/ApplyTypeMatchupTests.cs(112,59): error CS1061: 'ApplyTypeMatchup.Result' does not contain a definition for 'Result' and no accessible extension method 'Result' accepting a first argument of type 'ApplyTypeMatchup.Result' could be found (are you missing a using directive or an assembly reference?) [/Users/bmetzger/code/TokuTactics/.worktrees/review-bco/TestRunner.csproj]
/Users/bmetzger/code/TokuTactics/.worktrees/review-bco/Tests/Bricks/Combat/ApplyTypeMatchupTests.cs(127,43): error CS1501: No overload for method 'Execute' takes 9 arguments [/Users/bmetzger/code/TokuTactics/.worktrees/review-bco/TestRunner.csproj]
/Users/bmetzger/code/TokuTactics/.worktrees/review-bco/Tests/Bricks/Combat/ApplyTypeMatchupTests.cs(133,64): error CS1061: 'ApplyTypeMatchup.Result' does not contain a definition for 'Result' and no accessible extension method 'Result' accepting a first argument of type 'ApplyTypeMatchup.Result' could be found (are you missing a using directive or an assembly reference?) [/Users/bmetzger/code/TokuTactics/.worktrees/review-bco/TestRunner.csproj]
/Users/bmetzger/code/TokuTactics/.worktrees/review-bco/Tests/Bricks/Combat/ApplyTypeMatchupTests.cs(149,43): error CS1501: No overload for method 'Execute' takes 9 arguments [/Users/bmetzger/code/TokuTactics/.worktrees/review-bco/TestRunner.csproj]
/Users/bmetzger/code/TokuTactics/.worktrees/review-bco/Tests/Bricks/Combat/ApplyTypeMatchupTests.cs(155,62): error CS1061: 'ApplyTypeMatchup.Result' does not contain a definition for 'Result' and no accessible extension method 'Result' accepting a first argument of type 'ApplyTypeMatchup.Result' could be found (are you missing a using directive or an assembly reference?) [/Users/bmetzger/code/TokuTactics/.worktrees/review-bco/TestRunner.csproj]
/Users/bmetzger/code/TokuTactics/.worktrees/review-bco/Tests/Commands/Combat/ResolveDamageRollTests.cs(33,44): error CS1501: No overload for method 'Execute' takes 10 arguments [/Users/bmetzger/code/TokuTactics/.worktrees/review-bco/TestRunner.csproj]
/Users/bmetzger/code/TokuTactics/.worktrees/review-bco/Tests/Commands/Combat/ResolveDamageRollTests.cs(40,13): error CS0103: The name 'Assert' does not exist in the current context [/Users/bmetzger/code/TokuTactics/.worktrees/review-bco/TestRunner.csproj]
/Users/bmetzger/code/TokuTactics/.worktrees/review-bco/Tests/Commands/Combat/ResolveDamageRollTests.cs(41,13): error CS0103: The name 'Assert' does not exist in the current context [/Users/bmetzger/code/TokuTactics/.worktrees/review-bco/TestRunner.csproj]
/Users/bmetzger/code/TokuTactics/.worktrees/review-bco/Tests/Commands/Combat/ResolveDamageRollTests.cs(42,13): error CS0103: The name 'Assert' does not exist in the current context [/Users/bmetzger/code/TokuTactics/.worktrees/review-bco/TestRunner.csproj]
/Users/bmetzger/code/TokuTactics/.worktrees/review-bco/Tests/Commands/Combat/ResolveDamageRollTests.cs(43,13): error CS0103: The name 'Assert' does not exist in the current context [/Users/bmetzger/code/TokuTactics/.worktrees/review-bco/TestRunner.csproj]
/Users/bmetzger/code/TokuTactics/.worktrees/review-bco/Tests/Commands/Combat/ResolveDamageRollTests.cs(44,13): error CS0103: The name 'Assert' does not exist in the current context [/Users/bmetzger/code/TokuTactics/.worktrees/review-bco/TestRunner.csproj]
/Users/bmetzger/code/TokuTactics/.worktrees/review-bco/Tests/Commands/Combat/ResolveDamageRollTests.cs(45,13): error CS0103: The name 'Assert' does not exist in the current context [/Users/bmetzger/code/TokuTactics/.worktrees/review-bco/TestRunner.csproj]
/Users/bmetzger/code/TokuTactics/.worktrees/review-bco/Tests/Commands/Combat/ResolveDamageRollTests.cs(68,44): error CS1501: No overload for method 'Execute' takes 10 arguments [/Users/bmetzger/code/TokuTactics/.worktrees/review-bco/TestRunner.csproj]
/Users/bmetzger/code/TokuTactics/.worktrees/review-bco/Tests/Commands/Combat/ResolveDamageRollTests.cs(76,13): error CS0103: The name 'Assert' does not exist in the current context [/Users/bmetzger/code/TokuTactics/.worktrees/review-bco/TestRunner.csproj]
/Users/bmetzger/code/TokuTactics/.worktrees/review-bco/Tests/Commands/Combat/ResolveDamageRollTests.cs(77,13): error CS0103: The name 'Assert' does not exist in the current context [/Users/bmetzger/code/TokuTactics/.worktrees/review-bco/TestRunner.csproj]
/Users/bmetzger/code/TokuTactics/.worktrees/review-bco/Tests/Commands/Combat/ResolveDamageRollTests.cs(78,13): error CS0103: The name 'Assert' does not exist in the current context [/Users/bmetzger/code/TokuTactics/.worktrees/review-bco/TestRunner.csproj]
/Users/bmetzger/code/TokuTactics/.worktrees/review-bco/Tests/Commands/Combat/ResolveDamageRollTests.cs(79,13): error CS0103: The name 'Assert' does not exist in the current context [/Users/bmetzger/code/TokuTactics/.worktrees/review-bco/TestRunner.csproj]
/Users/bmetzger/code/TokuTactics/.worktrees/review-bco/Tests/Commands/Combat/ResolveDamageRollTests.cs(80,13): error CS0103: The name 'Assert' does not exist in the current context [/Users/bmetzger/code/TokuTactics/.worktrees/review-bco/TestRunner.csproj]
/Users/bmetzger/code/TokuTactics/.worktrees/review-bco/Tests/Commands/Combat/ResolveDamageRollTests.cs(81,13): error CS0103: The name 'Assert' does not exist in the current context [/Users/bmetzger/code/TokuTactics/.worktrees/review-bco/TestRunner.csproj]
/Users/bmetzger/code/TokuTactics/.worktrees/review-bco/Tests/Commands/Combat/ResolveDamageRollTests.cs(84,13): error CS0103: The name 'Assert' does not exist in the current context [/Users/bmetzger/code/TokuTactics/.worktrees/review-bco/TestRunner.csproj]
/Users/bmetzger/code/TokuTactics/.worktrees/review-bco/Tests/Commands/Combat/ResolveDamageRollTests.cs(85,13): error CS0103: The name 'Assert' does not exist in the current context [/Users/bmetzger/code/TokuTactics/.worktrees/review-bco/TestRunner.csproj]
/Users/bmetzger/code/TokuTactics/.worktrees/review-bco/Tests/Commands/Combat/ResolveDamageRollTests.cs(108,44): error CS1501: No overload for method 'Execute' takes 10 arguments [/Users/bmetzger/code/TokuTactics/.worktrees/review-bco/TestRunner.csproj]
/Users/bmetzger/code/TokuTactics/.worktrees/review-bco/Tests/Commands/Combat/ResolveDamageRollTests.cs(115,13): error CS0103: The name 'Assert' does not exist in the current context [/Users/bmetzger/code/TokuTactics/.worktrees/review-bco/TestRunner.csproj]
/Users/bmetzger/code/TokuTactics/.worktrees/review-bco/Tests/Commands/Combat/ResolveDamageRollTests.cs(117,13): error CS0103: The name 'Assert' does not exist in the current context [/Users/bmetzger/code/TokuTactics/.worktrees/review-bco/TestRunner.csproj]
/Users/bmetzger/code/TokuTactics/.worktrees/review-bco/Tests/Commands/Combat/ResolveDamageRollTests.cs(139,44): error CS1501: No overload for method 'Execute' takes 10 arguments [/Users/bmetzger/code/TokuTactics/.worktrees/review-bco/TestRunner.csproj]
/Users/bmetzger/code/TokuTactics/.worktrees/review-bco/Tests/Commands/Combat/ResolveDamageRollTests.cs(146,13): error CS0103: The name 'Assert' does not exist in the current context [/Users/bmetzger/code/TokuTactics/.worktrees/review-bco/TestRunner.csproj]
/Users/bmetzger/code/TokuTactics/.worktrees/review-bco/Tests/Commands/Combat/ResolveDamageRollTests.cs(148,13): error CS0103: The name 'Assert' does not exist in the current context [/Users/bmetzger/code/TokuTactics/.worktrees/review-bco/TestRunner.csproj]
/Users/bmetzger/code/TokuTactics/.worktrees/review-bco/Tests/Commands/Combat/ResolveDamageRollTests.cs(174,44): error CS1501: No overload for method 'Execute' takes 10 arguments [/Users/bmetzger/code/TokuTactics/.worktrees/review-bco/TestRunner.csproj]
/Users/bmetzger/code/TokuTactics/.worktrees/review-bco/Tests/Commands/Combat/ResolveDamageRollTests.cs(182,13): error CS0103: The name 'Assert' does not exist in the current context [/Users/bmetzger/code/TokuTactics/.worktrees/review-bco/TestRunner.csproj]
/Users/bmetzger/code/TokuTactics/.worktrees/review-bco/Tests/Commands/Combat/ResolveDamageRollTests.cs(183,13): error CS0103: The name 'Assert' does not exist in the current context [/Users/bmetzger/code/TokuTactics/.worktrees/review-bco/TestRunner.csproj]
/Users/bmetzger/code/TokuTactics/.worktrees/review-bco/Tests/Commands/Combat/ResolveDamageRollTests.cs(184,13): error CS0103: The name 'Assert' does not exist in the current context [/Users/bmetzger/code/TokuTactics/.worktrees/review-bco/TestRunner.csproj]
/Users/bmetzger/code/TokuTactics/.worktrees/review-bco/Tests/Commands/Combat/ResolveDamageRollTests.cs(187,13): error CS0103: The name 'Assert' does not exist in the current context [/Users/bmetzger/code/TokuTactics/.worktrees/review-bco/TestRunner.csproj]
/Users/bmetzger/code/TokuTactics/.worktrees/review-bco/Tests/Commands/Combat/ResolveDamageRollTests.cs(190,13): error CS0103: The name 'Assert' does not exist in the current context [/Users/bmetzger/code/TokuTactics/.worktrees/review-bco/TestRunner.csproj]
/Users/bmetzger/code/TokuTactics/.worktrees/review-bco/Tests/Commands/Combat/ResolveDamageRollTests.cs(190,34): error CS1061: 'DamageResult' does not contain a definition for 'WasCrit' and no accessible extension method 'WasCrit' accepting a first argument of type 'DamageResult' could be found (are you missing a using directive or an assembly reference?) [/Users/bmetzger/code/TokuTactics/.worktrees/review-bco/TestRunner.csproj]
    0 Warning(s)
    42 Error(s)

Time Elapsed 00:00:00.73
